{"level":"info","message":"Database connected successfully","service":"kidpath-api","timestamp":"2025-09-26 01:11:33"}
{"endpoints":{"health":"http://localhost:3000/health","healthDetailed":"http://localhost:3000/health/detailed","statistics":"http://localhost:3000/api/v1/statistics","summerData":"http://localhost:3000/api/v1/seasonal-comfort?season=summer","winterData":"http://localhost:3000/api/v1/seasonal-comfort?season=winter"},"environment":"development","level":"info","message":"Seasonal Comfort API server started","port":"3000","service":"kidpath-api","timestamp":"2025-09-26 01:11:33"}
{"ip":"::1","level":"info","message":"GET /playgr/search?keyword=slide","method":"GET","service":"kidpath-api","timestamp":"2025-09-26 01:11:43","url":"/playgr/search?keyword=slide","userAgent":"Mozilla/5.0 (Windows NT 10.0; Win64; x64) AppleWebKit/537.36 (KHTML, like Gecko) Chrome/140.0.0.0 Safari/537.36"}
{"ip":"::1","level":"info","message":"GET /favicon.ico","method":"GET","service":"kidpath-api","timestamp":"2025-09-26 01:11:44","url":"/favicon.ico","userAgent":"Mozilla/5.0 (Windows NT 10.0; Win64; x64) AppleWebKit/537.36 (KHTML, like Gecko) Chrome/140.0.0.0 Safari/537.36"}
{"ip":"::1","level":"info","message":"GET /api/v1/playgr/search?keyword=slide","method":"GET","service":"kidpath-api","timestamp":"2025-09-26 01:15:24","url":"/api/v1/playgr/search?keyword=slide","userAgent":"Mozilla/5.0 (Windows NT 10.0; Win64; x64) AppleWebKit/537.36 (KHTML, like Gecko) Chrome/140.0.0.0 Safari/537.36"}
{"level":"info","message":"Received SIGINT signal, shutting down...","service":"kidpath-api","timestamp":"2025-09-26 01:15:46"}
{"level":"error","message":"Forcing shutdown due to timeout","service":"kidpath-api","timestamp":"2025-09-26 01:15:56"}
{"level":"info","message":"Database connected successfully","service":"kidpath-api","timestamp":"2025-09-26 01:16:05"}
{"endpoints":{"health":"http://localhost:3000/health","healthDetailed":"http://localhost:3000/health/detailed","statistics":"http://localhost:3000/api/v1/statistics","summerData":"http://localhost:3000/api/v1/seasonal-comfort?season=summer","winterData":"http://localhost:3000/api/v1/seasonal-comfort?season=winter"},"environment":"development","level":"info","message":"Seasonal Comfort API server started","port":"3000","service":"kidpath-api","timestamp":"2025-09-26 01:16:05"}
{"ip":"::1","level":"info","message":"GET /api/v1/playgr/search?keyword=slide","method":"GET","service":"kidpath-api","timestamp":"2025-09-26 01:16:13","url":"/api/v1/playgr/search?keyword=slide","userAgent":"Mozilla/5.0 (Windows NT 10.0; Win64; x64) AppleWebKit/537.36 (KHTML, like Gecko) Chrome/140.0.0.0 Safari/537.36"}
{"level":"info","message":"Received SIGINT signal, shutting down...","service":"kidpath-api","timestamp":"2025-09-26 01:18:17"}
{"level":"info","message":"Database connected successfully","service":"kidpath-api","timestamp":"2025-09-26 01:18:46"}
{"endpoints":{"health":"http://localhost:3000/health","healthDetailed":"http://localhost:3000/health/detailed","statistics":"http://localhost:3000/api/v1/statistics","summerData":"http://localhost:3000/api/v1/seasonal-comfort?season=summer","winterData":"http://localhost:3000/api/v1/seasonal-comfort?season=winter"},"environment":"development","level":"info","message":"Seasonal Comfort API server started","port":"3000","service":"kidpath-api","timestamp":"2025-09-26 01:18:46"}
{"ip":"::1","level":"info","message":"GET /api/v1/playgr/search?keyword=slide","method":"GET","service":"kidpath-api","timestamp":"2025-09-26 01:18:50","url":"/api/v1/playgr/search?keyword=slide","userAgent":"Mozilla/5.0 (Windows NT 10.0; Win64; x64) AppleWebKit/537.36 (KHTML, like Gecko) Chrome/140.0.0.0 Safari/537.36"}
{"level":"info","message":"Database connected successfully","service":"kidpath-api","timestamp":"2025-09-26 01:50:57"}
{"endpoints":{"health":"http://localhost:3000/health","healthDetailed":"http://localhost:3000/health/detailed","statistics":"http://localhost:3000/api/v1/statistics","summerData":"http://localhost:3000/api/v1/seasonal-comfort?season=summer","winterData":"http://localhost:3000/api/v1/seasonal-comfort?season=winter"},"environment":"development","level":"info","message":"Seasonal Comfort API server started","port":"3000","service":"kidpath-api","timestamp":"2025-09-26 01:50:57"}
{"ip":"::1","level":"info","message":"GET /api/v1/ai/text","method":"GET","service":"kidpath-api","timestamp":"2025-09-26 01:51:04","url":"/api/v1/ai/text","userAgent":"Mozilla/5.0 (Windows NT 10.0; Win64; x64) AppleWebKit/537.36 (KHTML, like Gecko) Chrome/140.0.0.0 Safari/537.36"}
{"ip":"::1","level":"info","message":"POST /api/v1/ai/text","method":"POST","service":"kidpath-api","timestamp":"2025-09-26 01:52:02","url":"/api/v1/ai/text","userAgent":"Mozilla/5.0 (Windows NT; Windows NT 10.0; zh-CN) WindowsPowerShell/5.1.22621.2506"}
{"level":"info","message":"Database connected successfully","service":"kidpath-api","timestamp":"2025-09-26 01:54:31"}
{"endpoints":{"health":"http://localhost:3000/health","healthDetailed":"http://localhost:3000/health/detailed","statistics":"http://localhost:3000/api/v1/statistics","summerData":"http://localhost:3000/api/v1/seasonal-comfort?season=summer","winterData":"http://localhost:3000/api/v1/seasonal-comfort?season=winter"},"environment":"development","level":"info","message":"Seasonal Comfort API server started","port":"3000","service":"kidpath-api","timestamp":"2025-09-26 01:54:31"}
{"ip":"::1","level":"info","message":"POST /api/v1/ai/text","method":"POST","service":"kidpath-api","timestamp":"2025-09-26 01:54:46","url":"/api/v1/ai/text","userAgent":"Mozilla/5.0 (Windows NT; Windows NT 10.0; zh-CN) WindowsPowerShell/5.1.22621.2506"}
{"level":"info","message":"Database connected successfully","service":"kidpath-api","timestamp":"2025-09-26 02:00:44"}
{"endpoints":{"health":"http://localhost:3000/health","healthDetailed":"http://localhost:3000/health/detailed","statistics":"http://localhost:3000/api/v1/statistics","summerData":"http://localhost:3000/api/v1/seasonal-comfort?season=summer","winterData":"http://localhost:3000/api/v1/seasonal-comfort?season=winter"},"environment":"development","level":"info","message":"Seasonal Comfort API server started","port":"3000","service":"kidpath-api","timestamp":"2025-09-26 02:00:44"}
{"ip":"::1","level":"info","message":"POST /api/v1/ai/text","method":"POST","service":"kidpath-api","timestamp":"2025-09-26 02:01:21","url":"/api/v1/ai/text","userAgent":"Mozilla/5.0 (Windows NT; Windows NT 10.0; zh-CN) WindowsPowerShell/5.1.22621.2506"}
{"level":"info","message":"Database connected successfully","service":"kidpath-api","timestamp":"2025-09-26 02:08:58"}
{"endpoints":{"health":"http://localhost:3000/health","healthDetailed":"http://localhost:3000/health/detailed","statistics":"http://localhost:3000/api/v1/statistics","summerData":"http://localhost:3000/api/v1/seasonal-comfort?season=summer","winterData":"http://localhost:3000/api/v1/seasonal-comfort?season=winter"},"environment":"development","level":"info","message":"Seasonal Comfort API server started","port":"3000","service":"kidpath-api","timestamp":"2025-09-26 02:08:58"}
{"ip":"::1","level":"info","message":"POST /api/v1/ai/text","method":"POST","service":"kidpath-api","timestamp":"2025-09-26 02:09:18","url":"/api/v1/ai/text","userAgent":"Mozilla/5.0 (Windows NT; Windows NT 10.0; zh-CN) WindowsPowerShell/5.1.22621.2506"}
{"ip":"::1","level":"info","message":"POST /api/v1/ai/text","method":"POST","service":"kidpath-api","timestamp":"2025-09-26 02:09:47","url":"/api/v1/ai/text","userAgent":"Mozilla/5.0 (Windows NT; Windows NT 10.0; zh-CN) WindowsPowerShell/5.1.22621.2506"}
{"level":"info","message":"Database connected successfully","service":"kidpath-api","timestamp":"2025-09-26 02:10:09"}
{"endpoints":{"health":"http://localhost:3000/health","healthDetailed":"http://localhost:3000/health/detailed","statistics":"http://localhost:3000/api/v1/statistics","summerData":"http://localhost:3000/api/v1/seasonal-comfort?season=summer","winterData":"http://localhost:3000/api/v1/seasonal-comfort?season=winter"},"environment":"development","level":"info","message":"Seasonal Comfort API server started","port":"3000","service":"kidpath-api","timestamp":"2025-09-26 02:10:09"}
{"ip":"::1","level":"info","message":"POST /api/v1/ai/text","method":"POST","service":"kidpath-api","timestamp":"2025-09-26 02:10:31","url":"/api/v1/ai/text","userAgent":"Mozilla/5.0 (Windows NT; Windows NT 10.0; zh-CN) WindowsPowerShell/5.1.22621.2506"}
{"ip":"::1","level":"info","message":"POST /api/v1/ai/text","method":"POST","service":"kidpath-api","timestamp":"2025-09-26 02:10:39","url":"/api/v1/ai/text","userAgent":"Mozilla/5.0 (Windows NT; Windows NT 10.0; zh-CN) WindowsPowerShell/5.1.22621.2506"}
{"level":"info","message":"Database connected successfully","service":"kidpath-api","timestamp":"2025-09-26 02:13:35"}
{"endpoints":{"health":"http://localhost:3000/health","healthDetailed":"http://localhost:3000/health/detailed","statistics":"http://localhost:3000/api/v1/statistics","summerData":"http://localhost:3000/api/v1/seasonal-comfort?season=summer","winterData":"http://localhost:3000/api/v1/seasonal-comfort?season=winter"},"environment":"development","level":"info","message":"Seasonal Comfort API server started","port":"3000","service":"kidpath-api","timestamp":"2025-09-26 02:13:35"}
{"ip":"::1","level":"info","message":"GET /api/v1/playgr/search?keyword=slide","method":"GET","service":"kidpath-api","timestamp":"2025-09-26 02:13:37","url":"/api/v1/playgr/search?keyword=slide","userAgent":"Mozilla/5.0 (Windows NT 10.0; Win64; x64) AppleWebKit/537.36 (KHTML, like Gecko) Chrome/140.0.0.0 Safari/537.36"}
{"ip":"::1","level":"info","message":"GET /api/v1/playgr/search?keyword=slide","method":"GET","service":"kidpath-api","timestamp":"2025-09-26 02:13:39","url":"/api/v1/playgr/search?keyword=slide","userAgent":"Mozilla/5.0 (Windows NT 10.0; Win64; x64) AppleWebKit/537.36 (KHTML, like Gecko) Chrome/140.0.0.0 Safari/537.36"}
{"ip":"::1","level":"info","message":"GET /api/v1/ai/text","method":"GET","service":"kidpath-api","timestamp":"2025-09-26 02:14:20","url":"/api/v1/ai/text","userAgent":"Mozilla/5.0 (Windows NT 10.0; Win64; x64) AppleWebKit/537.36 (KHTML, like Gecko) Chrome/140.0.0.0 Safari/537.36"}
{"ip":"::1","level":"info","message":"GET /api/v1/ai/text","method":"GET","service":"kidpath-api","timestamp":"2025-09-26 02:14:21","url":"/api/v1/ai/text","userAgent":"Mozilla/5.0 (Windows NT 10.0; Win64; x64) AppleWebKit/537.36 (KHTML, like Gecko) Chrome/140.0.0.0 Safari/537.36"}
{"ip":"::1","level":"info","message":"POST /api/v1/ai/text","method":"POST","service":"kidpath-api","timestamp":"2025-09-26 02:14:55","url":"/api/v1/ai/text","userAgent":"Mozilla/5.0 (Windows NT; Windows NT 10.0; zh-CN) WindowsPowerShell/5.1.22621.2506"}
{"ip":"::1","level":"info","message":"POST /api/v1/ai/voice","method":"POST","service":"kidpath-api","timestamp":"2025-09-26 02:21:05","url":"/api/v1/ai/voice","userAgent":"python-requests/2.32.2"}
{"ip":"::1","level":"info","message":"POST /api/v1/ai/text","method":"POST","service":"kidpath-api","timestamp":"2025-09-26 02:39:50","url":"/api/v1/ai/text","userAgent":"python-requests/2.32.2"}
{"ip":"::1","level":"info","message":"POST /api/v1/ai/text","method":"POST","service":"kidpath-api","timestamp":"2025-09-26 02:43:51","url":"/api/v1/ai/text","userAgent":"python-requests/2.32.2"}
{"ip":"::1","level":"info","message":"POST /api/v1/ai/text","method":"POST","service":"kidpath-api","timestamp":"2025-09-26 02:44:17","url":"/api/v1/ai/text","userAgent":"python-requests/2.32.2"}
{"ip":"::1","level":"info","message":"POST /api/v1/ai/text","method":"POST","service":"kidpath-api","timestamp":"2025-09-26 02:44:40","url":"/api/v1/ai/text","userAgent":"python-requests/2.32.2"}
{"ip":"::1","level":"info","message":"POST /api/v1/ai/text","method":"POST","service":"kidpath-api","timestamp":"2025-09-26 02:45:13","url":"/api/v1/ai/text","userAgent":"python-requests/2.32.2"}
{"ip":"::1","level":"info","message":"POST /api/v1/ai/text","method":"POST","service":"kidpath-api","timestamp":"2025-09-26 02:45:36","url":"/api/v1/ai/text","userAgent":"python-requests/2.32.2"}
{"ip":"::1","level":"info","message":"POST /api/v1/ai/text","method":"POST","service":"kidpath-api","timestamp":"2025-09-26 02:45:54","url":"/api/v1/ai/text","userAgent":"python-requests/2.32.2"}
{"ip":"::1","level":"info","message":"POST /api/v1/ai/voice","method":"POST","service":"kidpath-api","timestamp":"2025-09-26 02:47:25","url":"/api/v1/ai/voice","userAgent":"python-requests/2.32.2"}
{"ip":"::1","level":"info","message":"POST /api/v1/ai/voice","method":"POST","service":"kidpath-api","timestamp":"2025-09-26 02:47:28","url":"/api/v1/ai/voice","userAgent":"python-requests/2.32.2"}
{"level":"info","message":"Received SIGINT signal, shutting down...","service":"kidpath-api","timestamp":"2025-09-26 02:53:11"}
{"level":"info","message":"Database connected successfully","service":"kidpath-api","timestamp":"2025-09-26 02:54:42"}
{"endpoints":{"health":"http://localhost:3000/health","healthDetailed":"http://localhost:3000/health/detailed","statistics":"http://localhost:3000/api/v1/statistics","summerData":"http://localhost:3000/api/v1/seasonal-comfort?season=summer","winterData":"http://localhost:3000/api/v1/seasonal-comfort?season=winter"},"environment":"development","level":"info","message":"Seasonal Comfort API server started","port":"3000","service":"kidpath-api","timestamp":"2025-09-26 02:54:42"}
{"ip":"::1","level":"info","message":"POST /api/v1/ai/text","method":"POST","service":"kidpath-api","timestamp":"2025-09-26 02:55:08","url":"/api/v1/ai/text","userAgent":"python-requests/2.32.2"}
{"ip":"::1","level":"info","message":"POST /api/v1/ai/voice","method":"POST","service":"kidpath-api","timestamp":"2025-09-26 02:56:01","url":"/api/v1/ai/voice","userAgent":"python-requests/2.32.2"}
{"ip":"::1","level":"info","message":"POST /api/v1/ai/voice","method":"POST","service":"kidpath-api","timestamp":"2025-09-26 02:56:03","url":"/api/v1/ai/voice","userAgent":"python-requests/2.32.2"}
{"ip":"::1","level":"info","message":"POST /api/v1/ai/voice","method":"POST","service":"kidpath-api","timestamp":"2025-09-26 02:56:03","url":"/api/v1/ai/voice","userAgent":"python-requests/2.32.2"}
{"level":"info","message":"Received SIGINT signal, shutting down...","service":"kidpath-api","timestamp":"2025-09-26 03:04:31"}
{"level":"info","message":"Database connected successfully","service":"kidpath-api","timestamp":"2025-09-26 03:04:37"}
{"endpoints":{"health":"http://localhost:3000/health","healthDetailed":"http://localhost:3000/health/detailed","statistics":"http://localhost:3000/api/v1/statistics","summerData":"http://localhost:3000/api/v1/seasonal-comfort?season=summer","winterData":"http://localhost:3000/api/v1/seasonal-comfort?season=winter"},"environment":"development","level":"info","message":"Seasonal Comfort API server started","port":"3000","service":"kidpath-api","timestamp":"2025-09-26 03:04:37"}
{"ip":"::1","level":"info","message":"POST /api/v1/ai/voice","method":"POST","service":"kidpath-api","timestamp":"2025-09-26 03:05:08","url":"/api/v1/ai/voice","userAgent":"python-requests/2.32.2"}
{"ip":"::1","level":"info","message":"POST /api/v1/ai/photo","method":"POST","service":"kidpath-api","timestamp":"2025-09-26 03:06:17","url":"/api/v1/ai/photo","userAgent":"python-requests/2.32.2"}
{"level":"info","message":"Database connected successfully","service":"kidpath-api","timestamp":"2025-09-26 14:38:58"}
{"endpoints":{"health":"http://localhost:3000/health","healthDetailed":"http://localhost:3000/health/detailed","statistics":"http://localhost:3000/api/v1/statistics","summerData":"http://localhost:3000/api/v1/seasonal-comfort?season=summer","winterData":"http://localhost:3000/api/v1/seasonal-comfort?season=winter"},"environment":"development","level":"info","message":"Seasonal Comfort API server started","port":"3000","service":"kidpath-api","timestamp":"2025-09-26 14:38:58"}
{"ip":"::1","level":"info","message":"POST /api/v1/ai/text","method":"POST","service":"kidpath-api","timestamp":"2025-09-26 14:40:48","url":"/api/v1/ai/text","userAgent":"python-requests/2.32.2"}
{"ip":"::1","level":"info","message":"POST /api/v1/ai/voice","method":"POST","service":"kidpath-api","timestamp":"2025-09-26 14:41:20","url":"/api/v1/ai/voice","userAgent":"python-requests/2.32.2"}
{"ip":"::1","level":"info","message":"POST /api/v1/ai/voice","method":"POST","service":"kidpath-api","timestamp":"2025-09-26 14:42:41","url":"/api/v1/ai/voice","userAgent":"python-requests/2.32.2"}
{"ip":"::1","level":"info","message":"POST /api/v1/ai/photo","method":"POST","service":"kidpath-api","timestamp":"2025-09-26 14:43:11","url":"/api/v1/ai/photo","userAgent":"python-requests/2.32.2"}
{"ip":"::1","level":"info","message":"POST /api/v1/ai/photo","method":"POST","service":"kidpath-api","timestamp":"2025-09-26 14:52:20","url":"/api/v1/ai/photo","userAgent":"python-requests/2.32.2"}
{"ip":"::1","level":"info","message":"POST /api/v1/ai/photo","method":"POST","service":"kidpath-api","timestamp":"2025-09-26 14:52:46","url":"/api/v1/ai/photo","userAgent":"python-requests/2.32.2"}
{"ip":"::1","level":"info","message":"POST /api/v1/ai/photo","method":"POST","service":"kidpath-api","timestamp":"2025-09-26 14:53:09","url":"/api/v1/ai/photo","userAgent":"python-requests/2.32.2"}
{"ip":"::1","level":"info","message":"POST /api/v1/ai/photo","method":"POST","service":"kidpath-api","timestamp":"2025-09-26 14:54:03","url":"/api/v1/ai/photo","userAgent":"python-requests/2.32.2"}
{"ip":"::1","level":"info","message":"POST /api/v1/ai/voice","method":"POST","service":"kidpath-api","timestamp":"2025-09-26 14:56:50","url":"/api/v1/ai/voice","userAgent":"python-requests/2.32.2"}
{"level":"info","message":"Received SIGINT signal, shutting down...","service":"kidpath-api","timestamp":"2025-09-26 15:04:55"}
{"level":"info","message":"Database connected successfully","service":"kidpath-api","timestamp":"2025-09-26 15:05:11"}
{"endpoints":{"health":"http://localhost:3000/health","healthDetailed":"http://localhost:3000/health/detailed","statistics":"http://localhost:3000/api/v1/statistics","summerData":"http://localhost:3000/api/v1/seasonal-comfort?season=summer","winterData":"http://localhost:3000/api/v1/seasonal-comfort?season=winter"},"environment":"development","level":"info","message":"Seasonal Comfort API server started","port":"3000","service":"kidpath-api","timestamp":"2025-09-26 15:05:11"}
{"ip":"::1","level":"info","message":"POST /api/v1/ai/voice","method":"POST","service":"kidpath-api","timestamp":"2025-09-26 15:06:05","url":"/api/v1/ai/voice","userAgent":"python-requests/2.32.2"}
{"level":"info","message":"Received SIGINT signal, shutting down...","service":"kidpath-api","timestamp":"2025-09-26 15:09:43"}
{"level":"info","message":"Database connected successfully","service":"kidpath-api","timestamp":"2025-09-26 15:09:57"}
{"endpoints":{"health":"http://localhost:3000/health","healthDetailed":"http://localhost:3000/health/detailed","statistics":"http://localhost:3000/api/v1/statistics","summerData":"http://localhost:3000/api/v1/seasonal-comfort?season=summer","winterData":"http://localhost:3000/api/v1/seasonal-comfort?season=winter"},"environment":"development","level":"info","message":"Seasonal Comfort API server started","port":"3000","service":"kidpath-api","timestamp":"2025-09-26 15:09:57"}
{"ip":"::1","level":"info","message":"POST /api/v1/ai/voice","method":"POST","service":"kidpath-api","timestamp":"2025-09-26 15:11:31","url":"/api/v1/ai/voice","userAgent":"python-requests/2.32.2"}
{"ip":"::1","level":"info","message":"POST /api/v1/ai/text","method":"POST","service":"kidpath-api","timestamp":"2025-09-26 15:12:14","url":"/api/v1/ai/text","userAgent":"python-requests/2.32.2"}
{"level":"info","message":"Received SIGINT signal, shutting down...","service":"kidpath-api","timestamp":"2025-09-26 15:15:41"}
{"level":"info","message":"Database connected successfully","service":"kidpath-api","timestamp":"2025-09-26 15:16:20"}
{"endpoints":{"health":"http://localhost:3000/health","healthDetailed":"http://localhost:3000/health/detailed","statistics":"http://localhost:3000/api/v1/statistics","summerData":"http://localhost:3000/api/v1/seasonal-comfort?season=summer","winterData":"http://localhost:3000/api/v1/seasonal-comfort?season=winter"},"environment":"development","level":"info","message":"Seasonal Comfort API server started","port":"3000","service":"kidpath-api","timestamp":"2025-09-26 15:16:20"}
{"ip":"::1","level":"info","message":"POST /api/v1/ai/voice","method":"POST","service":"kidpath-api","timestamp":"2025-09-26 15:17:09","url":"/api/v1/ai/voice","userAgent":"python-requests/2.32.2"}
{"level":"info","message":"Received SIGINT signal, shutting down...","service":"kidpath-api","timestamp":"2025-09-26 15:18:20"}
{"level":"info","message":"Database connected successfully","service":"kidpath-api","timestamp":"2025-09-26 15:19:12"}
{"endpoints":{"health":"http://localhost:3000/health","healthDetailed":"http://localhost:3000/health/detailed","statistics":"http://localhost:3000/api/v1/statistics","summerData":"http://localhost:3000/api/v1/seasonal-comfort?season=summer","winterData":"http://localhost:3000/api/v1/seasonal-comfort?season=winter"},"environment":"development","level":"info","message":"Seasonal Comfort API server started","port":"3000","service":"kidpath-api","timestamp":"2025-09-26 15:19:12"}
{"ip":"::1","level":"info","message":"POST /api/v1/ai/voice","method":"POST","service":"kidpath-api","timestamp":"2025-09-26 15:19:51","url":"/api/v1/ai/voice","userAgent":"python-requests/2.32.2"}
{"level":"info","message":"Received SIGINT signal, shutting down...","service":"kidpath-api","timestamp":"2025-09-26 15:24:22"}
{"level":"info","message":"Database connected successfully","service":"kidpath-api","timestamp":"2025-09-26 15:24:41"}
{"endpoints":{"health":"http://localhost:3000/health","healthDetailed":"http://localhost:3000/health/detailed","statistics":"http://localhost:3000/api/v1/statistics","summerData":"http://localhost:3000/api/v1/seasonal-comfort?season=summer","winterData":"http://localhost:3000/api/v1/seasonal-comfort?season=winter"},"environment":"development","level":"info","message":"Seasonal Comfort API server started","port":"3000","service":"kidpath-api","timestamp":"2025-09-26 15:24:41"}
{"ip":"::1","level":"info","message":"POST /api/v1/ai/voice","method":"POST","service":"kidpath-api","timestamp":"2025-09-26 15:26:19","url":"/api/v1/ai/voice","userAgent":"python-requests/2.32.2"}
{"level":"info","message":"Received SIGINT signal, shutting down...","service":"kidpath-api","timestamp":"2025-09-26 15:37:29"}
{"level":"info","message":"Database connected successfully","service":"kidpath-api","timestamp":"2025-09-26 15:37:41"}
{"endpoints":{"health":"http://localhost:3000/health","healthDetailed":"http://localhost:3000/health/detailed","statistics":"http://localhost:3000/api/v1/statistics","summerData":"http://localhost:3000/api/v1/seasonal-comfort?season=summer","winterData":"http://localhost:3000/api/v1/seasonal-comfort?season=winter"},"environment":"development","level":"info","message":"Seasonal Comfort API server started","port":"3000","service":"kidpath-api","timestamp":"2025-09-26 15:37:41"}
{"ip":"::1","level":"info","message":"POST /api/v1/ai/voice","method":"POST","service":"kidpath-api","timestamp":"2025-09-26 15:38:32","url":"/api/v1/ai/voice","userAgent":"python-requests/2.32.2"}
{"level":"info","message":"Received SIGINT signal, shutting down...","service":"kidpath-api","timestamp":"2025-09-26 15:44:31"}
{"level":"warn","message":"Database connection failed","service":"kidpath-api","timestamp":"2025-09-26 15:44:57"}
{"endpoints":{"health":"http://localhost:3000/health","healthDetailed":"http://localhost:3000/health/detailed","statistics":"http://localhost:3000/api/v1/statistics","summerData":"http://localhost:3000/api/v1/seasonal-comfort?season=summer","winterData":"http://localhost:3000/api/v1/seasonal-comfort?season=winter"},"environment":"development","level":"info","message":"Seasonal Comfort API server started","port":"3000","service":"kidpath-api","timestamp":"2025-09-26 15:44:57"}
{"level":"info","message":"Received SIGINT signal, shutting down...","service":"kidpath-api","timestamp":"2025-09-26 16:08:07"}
{"level":"info","message":"Database connected successfully","service":"kidpath-api","timestamp":"2025-10-08 13:23:09"}
{"endpoints":{"health":"http://localhost:3000/health","healthDetailed":"http://localhost:3000/health/detailed","statistics":"http://localhost:3000/api/v1/statistics","summerData":"http://localhost:3000/api/v1/seasonal-comfort?season=summer","winterData":"http://localhost:3000/api/v1/seasonal-comfort?season=winter"},"environment":"development","level":"info","message":"Seasonal Comfort API server started","port":"3000","service":"kidpath-api","timestamp":"2025-10-08 13:23:09"}
{"ip":"::1","level":"info","message":"POST /api/v1/ai/photo","method":"POST","service":"kidpath-api","timestamp":"2025-10-08 13:25:26","url":"/api/v1/ai/photo","userAgent":"python-requests/2.32.2"}
{"ip":"::1","level":"info","message":"POST /api/v1/ai/voice","method":"POST","service":"kidpath-api","timestamp":"2025-10-08 13:26:35","url":"/api/v1/ai/voice","userAgent":"python-requests/2.32.2"}
{"ip":"::1","level":"info","message":"POST /api/v1/ai/voice","method":"POST","service":"kidpath-api","timestamp":"2025-10-08 13:27:59","url":"/api/v1/ai/voice","userAgent":"python-requests/2.32.2"}
{"ip":"::1","level":"info","message":"POST /api/v1/ai/voice","method":"POST","service":"kidpath-api","timestamp":"2025-10-08 13:29:33","url":"/api/v1/ai/voice","userAgent":"python-requests/2.32.2"}
{"ip":"::1","level":"info","message":"POST /api/v1/ai/voice","method":"POST","service":"kidpath-api","timestamp":"2025-10-08 13:30:20","url":"/api/v1/ai/voice","userAgent":"python-requests/2.32.2"}
{"ip":"::1","level":"info","message":"POST /api/v1/ai/voice","method":"POST","service":"kidpath-api","timestamp":"2025-10-08 13:35:55","url":"/api/v1/ai/voice","userAgent":"python-requests/2.32.2"}
{"level":"info","message":"Database connected successfully","service":"kidpath-api","timestamp":"2025-10-09 16:38:09"}
{"endpoints":{"health":"http://localhost:3000/health","healthDetailed":"http://localhost:3000/health/detailed","statistics":"http://localhost:3000/api/v1/statistics","summerData":"http://localhost:3000/api/v1/seasonal-comfort?season=summer","winterData":"http://localhost:3000/api/v1/seasonal-comfort?season=winter"},"environment":"development","level":"info","message":"Seasonal Comfort API server started","port":"3000","service":"kidpath-api","timestamp":"2025-10-09 16:38:09"}
{"ip":"::1","level":"info","message":"POST /api/v1/ai/text","method":"POST","service":"kidpath-api","timestamp":"2025-10-09 16:39:48","url":"/api/v1/ai/text","userAgent":"python-requests/2.32.2"}
{"ip":"::1","level":"info","message":"POST /api/v1/ai/photo","method":"POST","service":"kidpath-api","timestamp":"2025-10-09 16:40:22","url":"/api/v1/ai/photo","userAgent":"python-requests/2.32.2"}
{"level":"info","message":"Received SIGINT signal, shutting down...","service":"kidpath-api","timestamp":"2025-10-09 16:46:36"}
